<?xml version="1.0" encoding="UTF-8"?>
<coverage generated="1737642599965" clover="3.2.0">
  <project timestamp="1737642599966" name="All files">
    <metrics statements="63" coveredstatements="55" conditionals="16" coveredconditionals="13" methods="24" coveredmethods="18" elements="103" coveredelements="86" complexity="0" loc="63" ncloc="63" packages="3" files="4" classes="4"/>
    <package name="app.(tabs)">
      <metrics statements="32" coveredstatements="30" conditionals="6" coveredconditionals="4" methods="6" coveredmethods="6"/>
      <file name="index.tsx" path="C:\Users\zhida\Documents\ProjectRocket\Mobile\app\(tabs)\index.tsx">
        <metrics statements="32" coveredstatements="30" conditionals="6" coveredconditionals="4" methods="6" coveredmethods="6"/>
        <line num="17" count="3" type="stmt"/>
        <line num="18" count="2" type="stmt"/>
        <line num="24" count="2" type="stmt"/>
        <line num="25" count="1" type="stmt"/>
        <line num="26" count="1" type="stmt"/>
        <line num="28" count="1" type="cond" truecount="1" falsecount="1"/>
        <line num="29" count="1" type="stmt"/>
        <line num="30" count="1" type="stmt"/>
        <line num="35" count="1" type="stmt"/>
        <line num="36" count="1" type="stmt"/>
        <line num="38" count="1" type="stmt"/>
        <line num="44" count="1" type="stmt"/>
        <line num="46" count="2" type="stmt"/>
        <line num="48" count="1" type="stmt"/>
        <line num="50" count="1" type="stmt"/>
        <line num="51" count="2" type="cond" truecount="3" falsecount="1"/>
        <line num="52" count="2" type="stmt"/>
        <line num="53" count="2" type="stmt"/>
        <line num="54" count="2" type="stmt"/>
        <line num="55" count="2" type="stmt"/>
        <line num="57" count="0" type="stmt"/>
        <line num="60" count="1" type="stmt"/>
        <line num="61" count="2" type="stmt"/>
        <line num="62" count="2" type="stmt"/>
        <line num="64" count="2" type="stmt"/>
        <line num="65" count="2" type="stmt"/>
        <line num="67" count="2" type="stmt"/>
        <line num="70" count="1" type="stmt"/>
        <line num="76" count="0" type="stmt"/>
        <line num="81" count="1" type="stmt"/>
        <line num="85" count="2" type="stmt"/>
        <line num="125" count="1" type="stmt"/>
      </file>
    </package>
    <package name="components.modal">
      <metrics statements="28" coveredstatements="22" conditionals="6" coveredconditionals="5" methods="17" coveredmethods="11"/>
      <file name="AddHikerModal.tsx" path="C:\Users\zhida\Documents\ProjectRocket\Mobile\components\modal\AddHikerModal.tsx">
        <metrics statements="18" coveredstatements="12" conditionals="2" coveredconditionals="1" methods="13" coveredmethods="7"/>
        <line num="12" count="1" type="stmt"/>
        <line num="13" count="4" type="stmt"/>
        <line num="14" count="4" type="stmt"/>
        <line num="15" count="4" type="stmt"/>
        <line num="17" count="4" type="stmt"/>
        <line num="26" count="4" type="stmt"/>
        <line num="31" count="1" type="stmt"/>
        <line num="33" count="0" type="stmt"/>
        <line num="40" count="1" type="stmt"/>
        <line num="42" count="0" type="stmt"/>
        <line num="49" count="1" type="stmt"/>
        <line num="51" count="0" type="stmt"/>
        <line num="56" count="0" type="stmt"/>
        <line num="67" count="0" type="stmt"/>
        <line num="69" count="0" type="stmt"/>
        <line num="71" count="1" type="stmt"/>
        <line num="79" count="1" type="stmt"/>
        <line num="94" count="1" type="stmt"/>
      </file>
      <file name="StatusFilterModal.tsx" path="C:\Users\zhida\Documents\ProjectRocket\Mobile\components\modal\StatusFilterModal.tsx">
        <metrics statements="10" coveredstatements="10" conditionals="4" coveredconditionals="4" methods="4" coveredmethods="4"/>
        <line num="12" count="1" type="stmt"/>
        <line num="13" count="3" type="stmt"/>
        <line num="15" count="3" type="stmt"/>
        <line num="16" count="1" type="stmt"/>
        <line num="17" count="1" type="stmt"/>
        <line num="18" count="1" type="stmt"/>
        <line num="21" count="3" type="stmt"/>
        <line num="32" count="18" type="stmt"/>
        <line num="38" count="1" type="stmt"/>
        <line num="54" count="1" type="stmt"/>
      </file>
    </package>
    <package name="components.ui">
      <metrics statements="3" coveredstatements="3" conditionals="4" coveredconditionals="4" methods="1" coveredmethods="1"/>
      <file name="ToggleButton.tsx" path="C:\Users\zhida\Documents\ProjectRocket\Mobile\components\ui\ToggleButton.tsx">
        <metrics statements="3" coveredstatements="3" conditionals="4" coveredconditionals="4" methods="1" coveredmethods="1"/>
        <line num="10" count="1" type="stmt"/>
        <line num="11" count="3" type="stmt"/>
        <line num="23" count="1" type="stmt"/>
      </file>
    </package>
  </project>
</coverage>
