{"C:\\Users\\zhida\\Documents\\ProjectRocket\\Mobile\\app\\(tabs)\\index.tsx": {"path":"C:\\Users\\zhida\\Documents\\ProjectRocket\\Mobile\\app\\(tabs)\\index.tsx","statementMap":{"0":{"start":{"line":17,"column":34},"end":{"line":17,"column":54}},"1":{"start":{"line":18,"column":28},"end":{"line":22,"column":4}},"2":{"start":{"line":24,"column":2},"end":{"line":82,"column":9}},"3":{"start":{"line":25,"column":26},"end":{"line":79,"column":5}},"4":{"start":{"line":26,"column":20},"end":{"line":26,"column":55}},"5":{"start":{"line":28,"column":6},"end":{"line":78,"column":7}},"6":{"start":{"line":29,"column":8},"end":{"line":77,"column":9}},"7":{"start":{"line":30,"column":31},"end":{"line":34,"column":12}},"8":{"start":{"line":35,"column":27},"end":{"line":35,"column":49}},"9":{"start":{"line":36,"column":10},"end":{"line":36,"column":41}},"10":{"start":{"line":38,"column":39},"end":{"line":42,"column":12}},"11":{"start":{"line":44,"column":46},"end":{"line":44,"column":76}},"12":{"start":{"line":46,"column":35},"end":{"line":46,"column":95}},"13":{"start":{"line":46,"column":75},"end":{"line":46,"column":94}},"14":{"start":{"line":48,"column":29},"end":{"line":48,"column":52}},"15":{"start":{"line":50,"column":28},"end":{"line":58,"column":15}},"16":{"start":{"line":51,"column":12},"end":{"line":56,"column":13}},"17":{"start":{"line":52,"column":28},"end":{"line":52,"column":49}},"18":{"start":{"line":53,"column":26},"end":{"line":53,"column":45}},"19":{"start":{"line":54,"column":27},"end":{"line":54,"column":95}},"20":{"start":{"line":55,"column":14},"end":{"line":55,"column":32}},"21":{"start":{"line":57,"column":12},"end":{"line":57,"column":23}},"22":{"start":{"line":60,"column":29},"end":{"line":68,"column":15}},"23":{"start":{"line":61,"column":26},"end":{"line":61,"column":47}},"24":{"start":{"line":62,"column":24},"end":{"line":62,"column":43}},"25":{"start":{"line":64,"column":37},"end":{"line":64,"column":68}},"26":{"start":{"line":65,"column":36},"end":{"line":65,"column":71}},"27":{"start":{"line":67,"column":12},"end":{"line":67,"column":41}},"28":{"start":{"line":70,"column":10},"end":{"line":74,"column":13}},"29":{"start":{"line":76,"column":10},"end":{"line":76,"column":69}},"30":{"start":{"line":81,"column":4},"end":{"line":81,"column":20}},"31":{"start":{"line":85,"column":2},"end":{"line":122,"column":4}},"32":{"start":{"line":125,"column":15},"end":{"line":213,"column":2}}},"fnMap":{"0":{"name":"HomeScreen","decl":{"start":{"line":16,"column":24},"end":{"line":16,"column":34}},"loc":{"start":{"line":16,"column":37},"end":{"line":123,"column":1}},"line":16},"1":{"name":"(anonymous_1)","decl":{"start":{"line":24,"column":12},"end":{"line":24,"column":13}},"loc":{"start":{"line":24,"column":18},"end":{"line":82,"column":3}},"line":24},"2":{"name":"(anonymous_2)","decl":{"start":{"line":25,"column":26},"end":{"line":25,"column":27}},"loc":{"start":{"line":25,"column":38},"end":{"line":79,"column":5}},"line":25},"3":{"name":"(anonymous_3)","decl":{"start":{"line":46,"column":55},"end":{"line":46,"column":56}},"loc":{"start":{"line":46,"column":75},"end":{"line":46,"column":94}},"line":46},"4":{"name":"(anonymous_4)","decl":{"start":{"line":50,"column":52},"end":{"line":50,"column":53}},"loc":{"start":{"line":50,"column":85},"end":{"line":58,"column":11}},"line":50},"5":{"name":"(anonymous_5)","decl":{"start":{"line":60,"column":53},"end":{"line":60,"column":54}},"loc":{"start":{"line":60,"column":78},"end":{"line":68,"column":11}},"line":60}},"branchMap":{"0":{"loc":{"start":{"line":28,"column":6},"end":{"line":78,"column":7}},"type":"if","locations":[{"start":{"line":28,"column":6},"end":{"line":78,"column":7}},{"start":{},"end":{}}],"line":28},"1":{"loc":{"start":{"line":51,"column":12},"end":{"line":56,"column":13}},"type":"if","locations":[{"start":{"line":51,"column":12},"end":{"line":56,"column":13}},{"start":{},"end":{}}],"line":51},"2":{"loc":{"start":{"line":51,"column":16},"end":{"line":51,"column":40}},"type":"binary-expr","locations":[{"start":{"line":51,"column":16},"end":{"line":51,"column":27}},{"start":{"line":51,"column":31},"end":{"line":51,"column":40}}],"line":51}},"s":{"0":3,"1":2,"2":2,"3":1,"4":1,"5":1,"6":1,"7":1,"8":1,"9":1,"10":1,"11":1,"12":1,"13":2,"14":1,"15":1,"16":2,"17":2,"18":2,"19":2,"20":2,"21":0,"22":1,"23":2,"24":2,"25":2,"26":2,"27":2,"28":1,"29":0,"30":1,"31":2,"32":1},"f":{"0":3,"1":1,"2":1,"3":2,"4":2,"5":2},"b":{"0":[1,0],"1":[2,0],"2":[2,2]},"_coverageSchema":"1a1c01bbd47fc00a2c39e90264f33305004495a9","hash":"57768d7ab85ce09608673a871126975d6105df62"}
,"C:\\Users\\zhida\\Documents\\ProjectRocket\\Mobile\\components\\modal\\AddHikerModal.tsx": {"path":"C:\\Users\\zhida\\Documents\\ProjectRocket\\Mobile\\components\\modal\\AddHikerModal.tsx","statementMap":{"0":{"start":{"line":12,"column":5},"end":{"line":92,"column":1}},"1":{"start":{"line":13,"column":26},"end":{"line":13,"column":49}},"2":{"start":{"line":14,"column":24},"end":{"line":14,"column":47}},"3":{"start":{"line":15,"column":26},"end":{"line":15,"column":54}},"4":{"start":{"line":17,"column":2},"end":{"line":91,"column":4}},"5":{"start":{"line":26,"column":14},"end":{"line":74,"column":21}},"6":{"start":{"line":31,"column":42},"end":{"line":31,"column":78}},"7":{"start":{"line":33,"column":41},"end":{"line":33,"column":73}},"8":{"start":{"line":40,"column":42},"end":{"line":40,"column":81}},"9":{"start":{"line":42,"column":41},"end":{"line":42,"column":71}},"10":{"start":{"line":49,"column":42},"end":{"line":49,"column":85}},"11":{"start":{"line":51,"column":41},"end":{"line":51,"column":73}},"12":{"start":{"line":56,"column":44},"end":{"line":56,"column":95}},"13":{"start":{"line":67,"column":42},"end":{"line":67,"column":94}},"14":{"start":{"line":69,"column":41},"end":{"line":69,"column":59}},"15":{"start":{"line":71,"column":49},"end":{"line":71,"column":71}},"16":{"start":{"line":79,"column":29},"end":{"line":79,"column":149}},"17":{"start":{"line":94,"column":15},"end":{"line":157,"column":2}}},"fnMap":{"0":{"name":"(anonymous_0)","decl":{"start":{"line":12,"column":5},"end":{"line":12,"column":6}},"loc":{"start":{"line":12,"column":81},"end":{"line":92,"column":1}},"line":12},"1":{"name":"(anonymous_1)","decl":{"start":{"line":25,"column":24},"end":{"line":25,"column":25}},"loc":{"start":{"line":26,"column":14},"end":{"line":74,"column":21}},"line":26},"2":{"name":"(anonymous_2)","decl":{"start":{"line":31,"column":32},"end":{"line":31,"column":33}},"loc":{"start":{"line":31,"column":42},"end":{"line":31,"column":78}},"line":31},"3":{"name":"(anonymous_3)","decl":{"start":{"line":33,"column":35},"end":{"line":33,"column":36}},"loc":{"start":{"line":33,"column":41},"end":{"line":33,"column":73}},"line":33},"4":{"name":"(anonymous_4)","decl":{"start":{"line":40,"column":32},"end":{"line":40,"column":33}},"loc":{"start":{"line":40,"column":42},"end":{"line":40,"column":81}},"line":40},"5":{"name":"(anonymous_5)","decl":{"start":{"line":42,"column":35},"end":{"line":42,"column":36}},"loc":{"start":{"line":42,"column":41},"end":{"line":42,"column":71}},"line":42},"6":{"name":"(anonymous_6)","decl":{"start":{"line":49,"column":32},"end":{"line":49,"column":33}},"loc":{"start":{"line":49,"column":42},"end":{"line":49,"column":85}},"line":49},"7":{"name":"(anonymous_7)","decl":{"start":{"line":51,"column":35},"end":{"line":51,"column":36}},"loc":{"start":{"line":51,"column":41},"end":{"line":51,"column":73}},"line":51},"8":{"name":"(anonymous_8)","decl":{"start":{"line":56,"column":33},"end":{"line":56,"column":34}},"loc":{"start":{"line":56,"column":44},"end":{"line":56,"column":95}},"line":56},"9":{"name":"(anonymous_9)","decl":{"start":{"line":67,"column":32},"end":{"line":67,"column":33}},"loc":{"start":{"line":67,"column":42},"end":{"line":67,"column":94}},"line":67},"10":{"name":"(anonymous_10)","decl":{"start":{"line":69,"column":35},"end":{"line":69,"column":36}},"loc":{"start":{"line":69,"column":41},"end":{"line":69,"column":59}},"line":69},"11":{"name":"(anonymous_11)","decl":{"start":{"line":71,"column":43},"end":{"line":71,"column":44}},"loc":{"start":{"line":71,"column":49},"end":{"line":71,"column":71}},"line":71},"12":{"name":"(anonymous_12)","decl":{"start":{"line":79,"column":23},"end":{"line":79,"column":24}},"loc":{"start":{"line":79,"column":29},"end":{"line":79,"column":149}},"line":79}},"branchMap":{"0":{"loc":{"start":{"line":21,"column":18},"end":{"line":21,"column":62}},"type":"cond-expr","locations":[{"start":{"line":21,"column":42},"end":{"line":21,"column":51}},{"start":{"line":21,"column":54},"end":{"line":21,"column":62}}],"line":21}},"s":{"0":1,"1":4,"2":4,"3":4,"4":4,"5":4,"6":1,"7":0,"8":1,"9":0,"10":1,"11":0,"12":0,"13":0,"14":0,"15":1,"16":1,"17":1},"f":{"0":4,"1":4,"2":1,"3":0,"4":1,"5":0,"6":1,"7":0,"8":0,"9":0,"10":0,"11":1,"12":1},"b":{"0":[4,0]},"_coverageSchema":"1a1c01bbd47fc00a2c39e90264f33305004495a9","hash":"718b022565d229b04bb9167666cfa28f91b2a478"}
,"C:\\Users\\zhida\\Documents\\ProjectRocket\\Mobile\\components\\modal\\StatusFilterModal.tsx": {"path":"C:\\Users\\zhida\\Documents\\ProjectRocket\\Mobile\\components\\modal\\StatusFilterModal.tsx","statementMap":{"0":{"start":{"line":12,"column":60},"end":{"line":52,"column":1}},"1":{"start":{"line":13,"column":46},"end":{"line":13,"column":75}},"2":{"start":{"line":15,"column":29},"end":{"line":19,"column":3}},"3":{"start":{"line":16,"column":4},"end":{"line":16,"column":30}},"4":{"start":{"line":17,"column":4},"end":{"line":17,"column":27}},"5":{"start":{"line":18,"column":4},"end":{"line":18,"column":14}},"6":{"start":{"line":21,"column":2},"end":{"line":51,"column":4}},"7":{"start":{"line":32,"column":12},"end":{"line":46,"column":31}},"8":{"start":{"line":38,"column":29},"end":{"line":38,"column":55}},"9":{"start":{"line":54,"column":15},"end":{"line":99,"column":2}}},"fnMap":{"0":{"name":"(anonymous_0)","decl":{"start":{"line":12,"column":60},"end":{"line":12,"column":61}},"loc":{"start":{"line":12,"column":102},"end":{"line":52,"column":1}},"line":12},"1":{"name":"(anonymous_1)","decl":{"start":{"line":15,"column":29},"end":{"line":15,"column":30}},"loc":{"start":{"line":15,"column":49},"end":{"line":19,"column":3}},"line":15},"2":{"name":"(anonymous_2)","decl":{"start":{"line":31,"column":74},"end":{"line":31,"column":75}},"loc":{"start":{"line":32,"column":12},"end":{"line":46,"column":31}},"line":32},"3":{"name":"(anonymous_3)","decl":{"start":{"line":38,"column":23},"end":{"line":38,"column":24}},"loc":{"start":{"line":38,"column":29},"end":{"line":38,"column":55}},"line":38}},"branchMap":{"0":{"loc":{"start":{"line":36,"column":16},"end":{"line":36,"column":72}},"type":"binary-expr","locations":[{"start":{"line":36,"column":16},"end":{"line":36,"column":41}},{"start":{"line":36,"column":45},"end":{"line":36,"column":72}}],"line":36},"1":{"loc":{"start":{"line":42,"column":16},"end":{"line":42,"column":70}},"type":"binary-expr","locations":[{"start":{"line":42,"column":16},"end":{"line":42,"column":41}},{"start":{"line":42,"column":45},"end":{"line":42,"column":70}}],"line":42}},"s":{"0":1,"1":3,"2":3,"3":1,"4":1,"5":1,"6":3,"7":18,"8":1,"9":1},"f":{"0":3,"1":1,"2":18,"3":1},"b":{"0":[18,1],"1":[18,1]},"_coverageSchema":"1a1c01bbd47fc00a2c39e90264f33305004495a9","hash":"8031ea7f5db60c75f32093dee50dec68a1d3bb06"}
,"C:\\Users\\zhida\\Documents\\ProjectRocket\\Mobile\\components\\ui\\ToggleButton.tsx": {"path":"C:\\Users\\zhida\\Documents\\ProjectRocket\\Mobile\\components\\ui\\ToggleButton.tsx","statementMap":{"0":{"start":{"line":10,"column":21},"end":{"line":21,"column":1}},"1":{"start":{"line":11,"column":2},"end":{"line":20,"column":4}},"2":{"start":{"line":23,"column":15},"end":{"line":39,"column":2}}},"fnMap":{"0":{"name":"(anonymous_0)","decl":{"start":{"line":10,"column":21},"end":{"line":10,"column":22}},"loc":{"start":{"line":10,"column":65},"end":{"line":21,"column":1}},"line":10}},"branchMap":{"0":{"loc":{"start":{"line":13,"column":39},"end":{"line":13,"column":60}},"type":"cond-expr","locations":[{"start":{"line":13,"column":52},"end":{"line":13,"column":55}},{"start":{"line":13,"column":58},"end":{"line":13,"column":60}}],"line":13},"1":{"loc":{"start":{"line":17,"column":9},"end":{"line":17,"column":53}},"type":"cond-expr","locations":[{"start":{"line":17,"column":22},"end":{"line":17,"column":36}},{"start":{"line":17,"column":39},"end":{"line":17,"column":53}}],"line":17}},"s":{"0":1,"1":3,"2":1},"f":{"0":3},"b":{"0":[1,2],"1":[1,2]},"_coverageSchema":"1a1c01bbd47fc00a2c39e90264f33305004495a9","hash":"16acd819838d201507836fc03552978fc507de32"}
}
