TN:
SF:app\(tabs)\index.tsx
FN:16,HomeScreen
FN:24,(anonymous_1)
FN:25,(anonymous_2)
FN:46,(anonymous_3)
FN:50,(anonymous_4)
FN:60,(anonymous_5)
FNF:6
FNH:6
FNDA:3,HomeScreen
FNDA:1,(anonymous_1)
FNDA:1,(anonymous_2)
FNDA:2,(anonymous_3)
FNDA:2,(anonymous_4)
FNDA:2,(anonymous_5)
DA:17,3
DA:18,2
DA:24,2
DA:25,1
DA:26,1
DA:28,1
DA:29,1
DA:30,1
DA:35,1
DA:36,1
DA:38,1
DA:44,1
DA:46,2
DA:48,1
DA:50,1
DA:51,2
DA:52,2
DA:53,2
DA:54,2
DA:55,2
DA:57,0
DA:60,1
DA:61,2
DA:62,2
DA:64,2
DA:65,2
DA:67,2
DA:70,1
DA:76,0
DA:81,1
DA:85,2
DA:125,1
LF:32
LH:30
BRDA:28,0,0,1
BRDA:28,0,1,0
BRDA:51,1,0,2
BRDA:51,1,1,0
BRDA:51,2,0,2
BRDA:51,2,1,2
BRF:6
BRH:4
end_of_record
TN:
SF:components\modal\AddHikerModal.tsx
FN:12,(anonymous_0)
FN:25,(anonymous_1)
FN:31,(anonymous_2)
FN:33,(anonymous_3)
FN:40,(anonymous_4)
FN:42,(anonymous_5)
FN:49,(anonymous_6)
FN:51,(anonymous_7)
FN:56,(anonymous_8)
FN:67,(anonymous_9)
FN:69,(anonymous_10)
FN:71,(anonymous_11)
FN:79,(anonymous_12)
FNF:13
FNH:7
FNDA:4,(anonymous_0)
FNDA:4,(anonymous_1)
FNDA:1,(anonymous_2)
FNDA:0,(anonymous_3)
FNDA:1,(anonymous_4)
FNDA:0,(anonymous_5)
FNDA:1,(anonymous_6)
FNDA:0,(anonymous_7)
FNDA:0,(anonymous_8)
FNDA:0,(anonymous_9)
FNDA:0,(anonymous_10)
FNDA:1,(anonymous_11)
FNDA:1,(anonymous_12)
DA:12,1
DA:13,4
DA:14,4
DA:15,4
DA:17,4
DA:26,4
DA:31,1
DA:33,0
DA:40,1
DA:42,0
DA:49,1
DA:51,0
DA:56,0
DA:67,0
DA:69,0
DA:71,1
DA:79,1
DA:94,1
LF:18
LH:12
BRDA:21,0,0,4
BRDA:21,0,1,0
BRF:2
BRH:1
end_of_record
TN:
SF:components\modal\StatusFilterModal.tsx
FN:12,(anonymous_0)
FN:15,(anonymous_1)
FN:31,(anonymous_2)
FN:38,(anonymous_3)
FNF:4
FNH:4
FNDA:3,(anonymous_0)
FNDA:1,(anonymous_1)
FNDA:18,(anonymous_2)
FNDA:1,(anonymous_3)
DA:12,1
DA:13,3
DA:15,3
DA:16,1
DA:17,1
DA:18,1
DA:21,3
DA:32,18
DA:38,1
DA:54,1
LF:10
LH:10
BRDA:36,0,0,18
BRDA:36,0,1,1
BRDA:42,1,0,18
BRDA:42,1,1,1
BRF:4
BRH:4
end_of_record
TN:
SF:components\ui\ToggleButton.tsx
FN:10,(anonymous_0)
FNF:1
FNH:1
FNDA:3,(anonymous_0)
DA:10,1
DA:11,3
DA:23,1
LF:3
LH:3
BRDA:13,0,0,1
BRDA:13,0,1,2
BRDA:17,1,0,1
BRDA:17,1,1,2
BRF:4
BRH:4
end_of_record
